\BOOKMARK [0][-]{chapter.1}{\376\377\000W\000h\000a\000t\000\040\000i\000s\000\040\000R\000G\000V\000F\000l\000o\000o\000d\000?}{}% 1
\BOOKMARK [1][-]{section.1.1}{\376\377\000I\000n\000t\000r\000o\000d\000u\000c\000t\000i\000o\000n}{chapter.1}% 2
\BOOKMARK [1][-]{section.1.2}{\376\377\000R\000G\000V\000F\000l\000o\000o\000d\000\040\000U\000s\000e\000r\000\040\000R\000e\000q\000u\000i\000r\000e\000m\000e\000n\000t\000s\000\040\000D\000e\000t\000e\000r\000m\000i\000n\000a\000t\000i\000o\000n}{chapter.1}% 3
\BOOKMARK [2][-]{subsection.1.2.1}{\376\377\000I\000n\000t\000r\000o\000d\000u\000c\000t\000i\000o\000n}{section.1.2}% 4
\BOOKMARK [3][-]{subsubsection*.3}{\376\377\000N\000e\000e\000d\000\040\000\046\000\040\000P\000h\000i\000l\000o\000s\000o\000p\000h\000i\000c\000a\000l\000\040\000B\000a\000s\000i\000s\000\040\000f\000o\000r\000\040\000R\000E\000O\000N\000.\000c\000c}{subsection.1.2.1}% 5
\BOOKMARK [3][-]{subsubsection*.4}{\376\377\000T\000h\000e\000\040\000N\000e\000e\000d\000\040\000f\000o\000r\000\040\000a\000\040\000C\000o\000m\000m\000o\000n\000\040\000O\000p\000e\000r\000a\000t\000i\000n\000g\000\040\000P\000i\000c\000t\000u\000r\000e}{subsection.1.2.1}% 6
\BOOKMARK [2][-]{subsection.1.2.2}{\376\377\000G\000o\000a\000l\000s\000\040\000\046\000\040\000O\000b\000j\000e\000c\000t\000i\000v\000e\000s\000\040\000o\000f\000\040\000t\000h\000e\000\040\000U\000s\000e\000r\000\040\000I\000n\000t\000e\000r\000f\000a\000c\000e}{section.1.2}% 7
\BOOKMARK [2][-]{subsection.1.2.3}{\376\377\000D\000e\000s\000c\000r\000i\000p\000t\000i\000o\000n\000\040\000o\000f\000\040\000D\000e\000v\000e\000l\000o\000p\000m\000e\000n\000t\000\040\000P\000r\000o\000c\000e\000s\000s}{section.1.2}% 8
\BOOKMARK [2][-]{subsection.1.2.4}{\376\377\000P\000l\000a\000t\000f\000o\000r\000m\000\040\000I\000d\000e\000n\000t\000i\000f\000i\000c\000a\000t\000i\000o\000n}{section.1.2}% 9
\BOOKMARK [2][-]{subsection.1.2.5}{\376\377\000E\000n\000d\000-\000U\000s\000e\000r\000\040\000N\000e\000e\000d\000s\000\040\000I\000d\000e\000n\000t\000i\000f\000i\000c\000a\000t\000i\000o\000n}{section.1.2}% 10
\BOOKMARK [2][-]{subsection.1.2.6}{\376\377\000D\000a\000t\000a}{section.1.2}% 11
\BOOKMARK [3][-]{subsubsection*.5}{\376\377\000C\000r\000o\000w\000d\000s\000o\000u\000r\000c\000e\000\040\000D\000a\000t\000a}{subsection.1.2.6}% 12
\BOOKMARK [3][-]{subsubsection*.6}{\376\377\000O\000b\000s\000e\000r\000v\000e\000d\000\040\000D\000a\000t\000a}{subsection.1.2.6}% 13
\BOOKMARK [3][-]{subsubsection*.7}{\376\377\000D\000o\000m\000a\000i\000n\000\040\000D\000a\000t\000a}{subsection.1.2.6}% 14
\BOOKMARK [3][-]{subsubsection*.8}{\376\377\000P\000r\000o\000c\000e\000s\000s\000e\000d\000\040\000D\000a\000t\000a}{subsection.1.2.6}% 15
\BOOKMARK [2][-]{subsection.1.2.7}{\376\377\000I\000n\000f\000o\000r\000m\000a\000t\000i\000o\000n}{section.1.2}% 16
\BOOKMARK [3][-]{subsubsection*.9}{\376\377\000A\000n\000a\000l\000y\000t\000i\000c\000s}{subsection.1.2.7}% 17
\BOOKMARK [3][-]{subsubsection*.10}{\376\377\000V\000i\000s\000u\000a\000l\000i\000z\000a\000t\000i\000o\000n}{subsection.1.2.7}% 18
\BOOKMARK [2][-]{subsection.1.2.8}{\376\377\000K\000n\000o\000w\000l\000e\000d\000g\000e}{section.1.2}% 19
\BOOKMARK [3][-]{subsubsection*.11}{\376\377\000A\000s\000s\000i\000m\000i\000l\000a\000t\000i\000o\000n}{subsection.1.2.8}% 20
\BOOKMARK [3][-]{subsubsection*.12}{\376\377\000F\000o\000r\000e\000c\000a\000s\000t\000i\000n\000g}{subsection.1.2.8}% 21
\BOOKMARK [4][-]{paragraph*.13}{\376\377\000H\000y\000d\000r\000o\000l\000o\000g\000i\000c\000\040\000M\000o\000d\000e\000l\000i\000n\000g}{subsubsection*.12}% 22
\BOOKMARK [4][-]{paragraph*.14}{\376\377\000H\000y\000d\000r\000a\000u\000l\000i\000c\000\040\000M\000o\000d\000e\000l\000i\000n\000g}{subsubsection*.12}% 23
\BOOKMARK [4][-]{paragraph*.15}{\376\377\000U\000r\000b\000a\000n\000\040\000S\000t\000o\000r\000m\000w\000a\000t\000e\000r\000\040\000M\000o\000d\000e\000l\000i\000n\000g}{subsubsection*.12}% 24
\BOOKMARK [2][-]{subsection.1.2.9}{\376\377\000W\000i\000s\000d\000o\000m}{section.1.2}% 25
\BOOKMARK [3][-]{subsubsection*.16}{\376\377\000D\000e\000c\000i\000s\000i\000o\000n\000\040\000S\000u\000p\000p\000o\000r\000t}{subsection.1.2.9}% 26
\BOOKMARK [3][-]{subsubsection*.17}{\376\377\000U\000s\000e\000r\000\040\000C\000o\000l\000l\000a\000b\000o\000r\000a\000t\000i\000o\000n}{subsection.1.2.9}% 27
\BOOKMARK [2][-]{subsection.1.2.10}{\376\377\000W\000o\000r\000k\000f\000l\000o\000w\000\040\000I\000m\000p\000l\000i\000c\000a\000t\000i\000o\000n\000s}{section.1.2}% 28
\BOOKMARK [2][-]{subsection.1.2.11}{\376\377\000A\000p\000p\000r\000o\000a\000c\000h}{section.1.2}% 29
\BOOKMARK [2][-]{subsection.1.2.12}{\376\377\000I\000n\000d\000i\000c\000e\000s\000\040\000a\000n\000d\000\040\000t\000a\000b\000l\000e\000s}{section.1.2}% 30
\BOOKMARK [1][-]{section.1.3}{\376\377\000R\000G\000V\000F\000l\000o\000o\000d\000\040\000P\000r\000e\000-\000D\000e\000v\000e\000l\000o\000p\000m\000e\000n\000t\000\040\000P\000l\000a\000n}{chapter.1}% 31
\BOOKMARK [2][-]{subsection.1.3.1}{\376\377\000I\000n\000t\000r\000o\000d\000u\000c\000t\000i\000o\000n}{section.1.3}% 32
\BOOKMARK [2][-]{subsection.1.3.2}{\376\377\000C\000o\000m\000p\000o\000n\000e\000n\000t\000s}{section.1.3}% 33
\BOOKMARK [2][-]{subsection.1.3.3}{\376\377\000C\000o\000m\000p\000o\000n\000e\000n\000t\000\040\000I\000n\000t\000e\000r\000a\000c\000t\000i\000o\000n\000s}{section.1.3}% 34
\BOOKMARK [2][-]{subsection.1.3.4}{\376\377\000U\000s\000e\000\040\000C\000a\000s\000e\000s}{section.1.3}% 35
\BOOKMARK [1][-]{section.1.4}{\376\377\000G\000l\000o\000s\000s\000a\000r\000y}{chapter.1}% 36
\BOOKMARK [1][-]{section.1.5}{\376\377\000I\000n\000d\000i\000c\000e\000s\000\040\000a\000n\000d\000\040\000t\000a\000b\000l\000e\000s}{chapter.1}% 37
